The system is: Linux - 2.6.32-642.el6.x86_64 - x86_64
Compiling the C compiler identification source file "CMakeCCompilerId.c" succeeded.
Compiler: /usr/bin/gcc 
Build flags: 
Id flags: 

The output was:
0


Compilation of the C compiler identification source "CMakeCCompilerId.c" produced "a.out"

The C compiler identification is GNU, found in "/mnt/Data7/jxm877/ShapeFeatures3D_HPC/build/CMakeFiles/3.2.2/CompilerIdC/a.out"

Compiling the CXX compiler identification source file "CMakeCXXCompilerId.cpp" succeeded.
Compiler: /usr/bin/g++ 
Build flags: 
Id flags: 

The output was:
0


Compilation of the CXX compiler identification source "CMakeCXXCompilerId.cpp" produced "a.out"

The CXX compiler identification is GNU, found in "/mnt/Data7/jxm877/ShapeFeatures3D_HPC/build/CMakeFiles/3.2.2/CompilerIdCXX/a.out"

Determining if the C compiler works passed with the following output:
Change Dir: /mnt/Data7/jxm877/ShapeFeatures3D_HPC/build/CMakeFiles/CMakeTmp

Run Build Command:"/usr/bin/gmake" "cmTryCompileExec4269997194/fast"
/usr/bin/gmake -f CMakeFiles/cmTryCompileExec4269997194.dir/build.make CMakeFiles/cmTryCompileExec4269997194.dir/build
gmake[1]: Entering directory `/mnt/pan/Data7/jxm877/ShapeFeatures3D_HPC/build/CMakeFiles/CMakeTmp'
/usr/local/cmake/3.2.2/bin/cmake -E cmake_progress_report /mnt/Data7/jxm877/ShapeFeatures3D_HPC/build/CMakeFiles/CMakeTmp/CMakeFiles 1
Building C object CMakeFiles/cmTryCompileExec4269997194.dir/testCCompiler.c.o
/usr/bin/gcc    -o CMakeFiles/cmTryCompileExec4269997194.dir/testCCompiler.c.o   -c /mnt/Data7/jxm877/ShapeFeatures3D_HPC/build/CMakeFiles/CMakeTmp/testCCompiler.c
Linking C executable cmTryCompileExec4269997194
/usr/local/cmake/3.2.2/bin/cmake -E cmake_link_script CMakeFiles/cmTryCompileExec4269997194.dir/link.txt --verbose=1
/usr/bin/gcc       CMakeFiles/cmTryCompileExec4269997194.dir/testCCompiler.c.o  -o cmTryCompileExec4269997194 -rdynamic 
gmake[1]: Leaving directory `/mnt/pan/Data7/jxm877/ShapeFeatures3D_HPC/build/CMakeFiles/CMakeTmp'


Detecting C compiler ABI info compiled with the following output:
Change Dir: /mnt/Data7/jxm877/ShapeFeatures3D_HPC/build/CMakeFiles/CMakeTmp

Run Build Command:"/usr/bin/gmake" "cmTryCompileExec884761158/fast"
/usr/bin/gmake -f CMakeFiles/cmTryCompileExec884761158.dir/build.make CMakeFiles/cmTryCompileExec884761158.dir/build
gmake[1]: Entering directory `/mnt/pan/Data7/jxm877/ShapeFeatures3D_HPC/build/CMakeFiles/CMakeTmp'
/usr/local/cmake/3.2.2/bin/cmake -E cmake_progress_report /mnt/Data7/jxm877/ShapeFeatures3D_HPC/build/CMakeFiles/CMakeTmp/CMakeFiles 1
Building C object CMakeFiles/cmTryCompileExec884761158.dir/CMakeCCompilerABI.c.o
/usr/bin/gcc    -o CMakeFiles/cmTryCompileExec884761158.dir/CMakeCCompilerABI.c.o   -c /usr/local/cmake/3.2.2/share/cmake-3.2/Modules/CMakeCCompilerABI.c
Linking C executable cmTryCompileExec884761158
/usr/local/cmake/3.2.2/bin/cmake -E cmake_link_script CMakeFiles/cmTryCompileExec884761158.dir/link.txt --verbose=1
/usr/bin/gcc      -v CMakeFiles/cmTryCompileExec884761158.dir/CMakeCCompilerABI.c.o  -o cmTryCompileExec884761158 -rdynamic  
Using built-in specs.
Target: x86_64-redhat-linux
Configured with: ../configure --prefix=/usr --mandir=/usr/share/man --infodir=/usr/share/info --with-bugurl=http://bugzilla.redhat.com/bugzilla --enable-bootstrap --enable-shared --enable-threads=posix --enable-checking=release --with-system-zlib --enable-__cxa_atexit --disable-libunwind-exceptions --enable-gnu-unique-object --enable-languages=c,c++,objc,obj-c++,java,fortran,ada --enable-java-awt=gtk --disable-dssi --with-java-home=/usr/lib/jvm/java-1.5.0-gcj-1.5.0.0/jre --enable-libgcj-multifile --enable-java-maintainer-mode --with-ecj-jar=/usr/share/java/eclipse-ecj.jar --disable-libjava-multilib --with-ppl --with-cloog --with-tune=generic --with-arch_32=i686 --build=x86_64-redhat-linux
Thread model: posix
gcc version 4.4.7 20120313 (Red Hat 4.4.7-17) (GCC) 
COMPILER_PATH=/usr/libexec/gcc/x86_64-redhat-linux/4.4.7/:/usr/libexec/gcc/x86_64-redhat-linux/4.4.7/:/usr/libexec/gcc/x86_64-redhat-linux/:/usr/lib/gcc/x86_64-redhat-linux/4.4.7/:/usr/lib/gcc/x86_64-redhat-linux/:/usr/libexec/gcc/x86_64-redhat-linux/4.4.7/:/usr/libexec/gcc/x86_64-redhat-linux/:/usr/lib/gcc/x86_64-redhat-linux/4.4.7/:/usr/lib/gcc/x86_64-redhat-linux/
LIBRARY_PATH=/usr/local/gcc/4.9.3/lib64/../lib64/:/usr/lib/gcc/x86_64-redhat-linux/4.4.7/:/usr/lib/gcc/x86_64-redhat-linux/4.4.7/:/usr/lib/gcc/x86_64-redhat-linux/4.4.7/../../../../lib64/:/lib/../lib64/:/usr/lib/../lib64/:/usr/local/gcc/4.9.3/lib64/:/usr/local/openmpi/1.8.8/lib/:/usr/local/intel/2015/composer_xe_2015.3.187/compiler/lib/intel64/:/usr/lib/gcc/x86_64-redhat-linux/4.4.7/../../../:/lib/:/usr/lib/
COLLECT_GCC_OPTIONS='-v' '-o' 'cmTryCompileExec884761158' '-rdynamic' '-mtune=generic'
 /usr/libexec/gcc/x86_64-redhat-linux/4.4.7/collect2 --eh-frame-hdr --build-id -m elf_x86_64 --hash-style=gnu -export-dynamic -dynamic-linker /lib64/ld-linux-x86-64.so.2 -o cmTryCompileExec884761158 /usr/lib/gcc/x86_64-redhat-linux/4.4.7/../../../../lib64/crt1.o /usr/lib/gcc/x86_64-redhat-linux/4.4.7/../../../../lib64/crti.o /usr/lib/gcc/x86_64-redhat-linux/4.4.7/crtbegin.o -L/usr/local/gcc/4.9.3/lib64/../lib64 -L/usr/lib/gcc/x86_64-redhat-linux/4.4.7 -L/usr/lib/gcc/x86_64-redhat-linux/4.4.7 -L/usr/lib/gcc/x86_64-redhat-linux/4.4.7/../../../../lib64 -L/lib/../lib64 -L/usr/lib/../lib64 -L/usr/local/gcc/4.9.3/lib64 -L/usr/local/openmpi/1.8.8/lib -L/usr/local/intel/2015/composer_xe_2015.3.187/compiler/lib/intel64 -L/usr/lib/gcc/x86_64-redhat-linux/4.4.7/../../.. CMakeFiles/cmTryCompileExec884761158.dir/CMakeCCompilerABI.c.o -lgcc --as-needed -lgcc_s --no-as-needed -lc -lgcc --as-needed -lgcc_s --no-as-needed /usr/lib/gcc/x86_64-redhat-linux/4.4.7/crtend.o /usr/lib/gcc/x86_64-redhat-linux/4.4.7/../../../../lib64/crtn.o
gmake[1]: Leaving directory `/mnt/pan/Data7/jxm877/ShapeFeatures3D_HPC/build/CMakeFiles/CMakeTmp'


Parsed C implicit link information from above output:
  link line regex: [^( *|.*[/\])(ld|([^/\]+-)?ld|collect2)[^/\]*( |$)]
  ignore line: [Change Dir: /mnt/Data7/jxm877/ShapeFeatures3D_HPC/build/CMakeFiles/CMakeTmp]
  ignore line: []
  ignore line: [Run Build Command:"/usr/bin/gmake" "cmTryCompileExec884761158/fast"]
  ignore line: [/usr/bin/gmake -f CMakeFiles/cmTryCompileExec884761158.dir/build.make CMakeFiles/cmTryCompileExec884761158.dir/build]
  ignore line: [gmake[1]: Entering directory `/mnt/pan/Data7/jxm877/ShapeFeatures3D_HPC/build/CMakeFiles/CMakeTmp']
  ignore line: [/usr/local/cmake/3.2.2/bin/cmake -E cmake_progress_report /mnt/Data7/jxm877/ShapeFeatures3D_HPC/build/CMakeFiles/CMakeTmp/CMakeFiles 1]
  ignore line: [Building C object CMakeFiles/cmTryCompileExec884761158.dir/CMakeCCompilerABI.c.o]
  ignore line: [/usr/bin/gcc    -o CMakeFiles/cmTryCompileExec884761158.dir/CMakeCCompilerABI.c.o   -c /usr/local/cmake/3.2.2/share/cmake-3.2/Modules/CMakeCCompilerABI.c]
  ignore line: [Linking C executable cmTryCompileExec884761158]
  ignore line: [/usr/local/cmake/3.2.2/bin/cmake -E cmake_link_script CMakeFiles/cmTryCompileExec884761158.dir/link.txt --verbose=1]
  ignore line: [/usr/bin/gcc      -v CMakeFiles/cmTryCompileExec884761158.dir/CMakeCCompilerABI.c.o  -o cmTryCompileExec884761158 -rdynamic  ]
  ignore line: [Using built-in specs.]
  ignore line: [Target: x86_64-redhat-linux]
  ignore line: [Configured with: ../configure --prefix=/usr --mandir=/usr/share/man --infodir=/usr/share/info --with-bugurl=http://bugzilla.redhat.com/bugzilla --enable-bootstrap --enable-shared --enable-threads=posix --enable-checking=release --with-system-zlib --enable-__cxa_atexit --disable-libunwind-exceptions --enable-gnu-unique-object --enable-languages=c,c++,objc,obj-c++,java,fortran,ada --enable-java-awt=gtk --disable-dssi --with-java-home=/usr/lib/jvm/java-1.5.0-gcj-1.5.0.0/jre --enable-libgcj-multifile --enable-java-maintainer-mode --with-ecj-jar=/usr/share/java/eclipse-ecj.jar --disable-libjava-multilib --with-ppl --with-cloog --with-tune=generic --with-arch_32=i686 --build=x86_64-redhat-linux]
  ignore line: [Thread model: posix]
  ignore line: [gcc version 4.4.7 20120313 (Red Hat 4.4.7-17) (GCC) ]
  ignore line: [COMPILER_PATH=/usr/libexec/gcc/x86_64-redhat-linux/4.4.7/:/usr/libexec/gcc/x86_64-redhat-linux/4.4.7/:/usr/libexec/gcc/x86_64-redhat-linux/:/usr/lib/gcc/x86_64-redhat-linux/4.4.7/:/usr/lib/gcc/x86_64-redhat-linux/:/usr/libexec/gcc/x86_64-redhat-linux/4.4.7/:/usr/libexec/gcc/x86_64-redhat-linux/:/usr/lib/gcc/x86_64-redhat-linux/4.4.7/:/usr/lib/gcc/x86_64-redhat-linux/]
  ignore line: [LIBRARY_PATH=/usr/local/gcc/4.9.3/lib64/../lib64/:/usr/lib/gcc/x86_64-redhat-linux/4.4.7/:/usr/lib/gcc/x86_64-redhat-linux/4.4.7/:/usr/lib/gcc/x86_64-redhat-linux/4.4.7/../../../../lib64/:/lib/../lib64/:/usr/lib/../lib64/:/usr/local/gcc/4.9.3/lib64/:/usr/local/openmpi/1.8.8/lib/:/usr/local/intel/2015/composer_xe_2015.3.187/compiler/lib/intel64/:/usr/lib/gcc/x86_64-redhat-linux/4.4.7/../../../:/lib/:/usr/lib/]
  ignore line: [COLLECT_GCC_OPTIONS='-v' '-o' 'cmTryCompileExec884761158' '-rdynamic' '-mtune=generic']
  link line: [ /usr/libexec/gcc/x86_64-redhat-linux/4.4.7/collect2 --eh-frame-hdr --build-id -m elf_x86_64 --hash-style=gnu -export-dynamic -dynamic-linker /lib64/ld-linux-x86-64.so.2 -o cmTryCompileExec884761158 /usr/lib/gcc/x86_64-redhat-linux/4.4.7/../../../../lib64/crt1.o /usr/lib/gcc/x86_64-redhat-linux/4.4.7/../../../../lib64/crti.o /usr/lib/gcc/x86_64-redhat-linux/4.4.7/crtbegin.o -L/usr/local/gcc/4.9.3/lib64/../lib64 -L/usr/lib/gcc/x86_64-redhat-linux/4.4.7 -L/usr/lib/gcc/x86_64-redhat-linux/4.4.7 -L/usr/lib/gcc/x86_64-redhat-linux/4.4.7/../../../../lib64 -L/lib/../lib64 -L/usr/lib/../lib64 -L/usr/local/gcc/4.9.3/lib64 -L/usr/local/openmpi/1.8.8/lib -L/usr/local/intel/2015/composer_xe_2015.3.187/compiler/lib/intel64 -L/usr/lib/gcc/x86_64-redhat-linux/4.4.7/../../.. CMakeFiles/cmTryCompileExec884761158.dir/CMakeCCompilerABI.c.o -lgcc --as-needed -lgcc_s --no-as-needed -lc -lgcc --as-needed -lgcc_s --no-as-needed /usr/lib/gcc/x86_64-redhat-linux/4.4.7/crtend.o /usr/lib/gcc/x86_64-redhat-linux/4.4.7/../../../../lib64/crtn.o]
    arg [/usr/libexec/gcc/x86_64-redhat-linux/4.4.7/collect2] ==> ignore
    arg [--eh-frame-hdr] ==> ignore
    arg [--build-id] ==> ignore
    arg [-m] ==> ignore
    arg [elf_x86_64] ==> ignore
    arg [--hash-style=gnu] ==> ignore
    arg [-export-dynamic] ==> ignore
    arg [-dynamic-linker] ==> ignore
    arg [/lib64/ld-linux-x86-64.so.2] ==> ignore
    arg [-o] ==> ignore
    arg [cmTryCompileExec884761158] ==> ignore
    arg [/usr/lib/gcc/x86_64-redhat-linux/4.4.7/../../../../lib64/crt1.o] ==> ignore
    arg [/usr/lib/gcc/x86_64-redhat-linux/4.4.7/../../../../lib64/crti.o] ==> ignore
    arg [/usr/lib/gcc/x86_64-redhat-linux/4.4.7/crtbegin.o] ==> ignore
    arg [-L/usr/local/gcc/4.9.3/lib64/../lib64] ==> dir [/usr/local/gcc/4.9.3/lib64/../lib64]
    arg [-L/usr/lib/gcc/x86_64-redhat-linux/4.4.7] ==> dir [/usr/lib/gcc/x86_64-redhat-linux/4.4.7]
    arg [-L/usr/lib/gcc/x86_64-redhat-linux/4.4.7] ==> dir [/usr/lib/gcc/x86_64-redhat-linux/4.4.7]
    arg [-L/usr/lib/gcc/x86_64-redhat-linux/4.4.7/../../../../lib64] ==> dir [/usr/lib/gcc/x86_64-redhat-linux/4.4.7/../../../../lib64]
    arg [-L/lib/../lib64] ==> dir [/lib/../lib64]
    arg [-L/usr/lib/../lib64] ==> dir [/usr/lib/../lib64]
    arg [-L/usr/local/gcc/4.9.3/lib64] ==> dir [/usr/local/gcc/4.9.3/lib64]
    arg [-L/usr/local/openmpi/1.8.8/lib] ==> dir [/usr/local/openmpi/1.8.8/lib]
    arg [-L/usr/local/intel/2015/composer_xe_2015.3.187/compiler/lib/intel64] ==> dir [/usr/local/intel/2015/composer_xe_2015.3.187/compiler/lib/intel64]
    arg [-L/usr/lib/gcc/x86_64-redhat-linux/4.4.7/../../..] ==> dir [/usr/lib/gcc/x86_64-redhat-linux/4.4.7/../../..]
    arg [CMakeFiles/cmTryCompileExec884761158.dir/CMakeCCompilerABI.c.o] ==> ignore
    arg [-lgcc] ==> lib [gcc]
    arg [--as-needed] ==> ignore
    arg [-lgcc_s] ==> lib [gcc_s]
    arg [--no-as-needed] ==> ignore
    arg [-lc] ==> lib [c]
    arg [-lgcc] ==> lib [gcc]
    arg [--as-needed] ==> ignore
    arg [-lgcc_s] ==> lib [gcc_s]
    arg [--no-as-needed] ==> ignore
    arg [/usr/lib/gcc/x86_64-redhat-linux/4.4.7/crtend.o] ==> ignore
    arg [/usr/lib/gcc/x86_64-redhat-linux/4.4.7/../../../../lib64/crtn.o] ==> ignore
  remove lib [gcc]
  remove lib [gcc_s]
  remove lib [gcc]
  remove lib [gcc_s]
  collapse library dir [/usr/local/gcc/4.9.3/lib64/../lib64] ==> [/usr/local/gcc/4.9.3/lib64]
  collapse library dir [/usr/lib/gcc/x86_64-redhat-linux/4.4.7] ==> [/usr/lib/gcc/x86_64-redhat-linux/4.4.7]
  collapse library dir [/usr/lib/gcc/x86_64-redhat-linux/4.4.7] ==> [/usr/lib/gcc/x86_64-redhat-linux/4.4.7]
  collapse library dir [/usr/lib/gcc/x86_64-redhat-linux/4.4.7/../../../../lib64] ==> [/usr/lib64]
  collapse library dir [/lib/../lib64] ==> [/lib64]
  collapse library dir [/usr/lib/../lib64] ==> [/usr/lib64]
  collapse library dir [/usr/local/gcc/4.9.3/lib64] ==> [/usr/local/gcc/4.9.3/lib64]
  collapse library dir [/usr/local/openmpi/1.8.8/lib] ==> [/usr/local/openmpi/1.8.8/lib]
  collapse library dir [/usr/local/intel/2015/composer_xe_2015.3.187/compiler/lib/intel64] ==> [/usr/local/intel/2015/composer_xe_2015.3.187/compiler/lib/intel64]
  collapse library dir [/usr/lib/gcc/x86_64-redhat-linux/4.4.7/../../..] ==> [/usr/lib]
  implicit libs: [c]
  implicit dirs: [/usr/local/gcc/4.9.3/lib64;/usr/lib/gcc/x86_64-redhat-linux/4.4.7;/usr/lib64;/lib64;/usr/local/openmpi/1.8.8/lib;/usr/local/intel/2015/composer_xe_2015.3.187/compiler/lib/intel64;/usr/lib]
  implicit fwks: []




Detecting C [-std=c99] compiler features compiled with the following output:
Change Dir: /mnt/Data7/jxm877/ShapeFeatures3D_HPC/build/CMakeFiles/CMakeTmp

Run Build Command:"/usr/bin/gmake" "cmTryCompileExec308277183/fast"
/usr/bin/gmake -f CMakeFiles/cmTryCompileExec308277183.dir/build.make CMakeFiles/cmTryCompileExec308277183.dir/build
gmake[1]: Entering directory `/mnt/pan/Data7/jxm877/ShapeFeatures3D_HPC/build/CMakeFiles/CMakeTmp'
/usr/local/cmake/3.2.2/bin/cmake -E cmake_progress_report /mnt/Data7/jxm877/ShapeFeatures3D_HPC/build/CMakeFiles/CMakeTmp/CMakeFiles 1
Building C object CMakeFiles/cmTryCompileExec308277183.dir/feature_tests.c.o
/usr/bin/gcc   -std=c99 -o CMakeFiles/cmTryCompileExec308277183.dir/feature_tests.c.o   -c /mnt/Data7/jxm877/ShapeFeatures3D_HPC/build/CMakeFiles/feature_tests.c
Linking C executable cmTryCompileExec308277183
/usr/local/cmake/3.2.2/bin/cmake -E cmake_link_script CMakeFiles/cmTryCompileExec308277183.dir/link.txt --verbose=1
/usr/bin/gcc       CMakeFiles/cmTryCompileExec308277183.dir/feature_tests.c.o  -o cmTryCompileExec308277183 -rdynamic 
gmake[1]: Leaving directory `/mnt/pan/Data7/jxm877/ShapeFeatures3D_HPC/build/CMakeFiles/CMakeTmp'


    Feature record: C_FEATURE:1c_function_prototypes
    Feature record: C_FEATURE:1c_restrict
    Feature record: C_FEATURE:0c_static_assert
    Feature record: C_FEATURE:1c_variadic_macros


Detecting C [-std=c89] compiler features compiled with the following output:
Change Dir: /mnt/Data7/jxm877/ShapeFeatures3D_HPC/build/CMakeFiles/CMakeTmp

Run Build Command:"/usr/bin/gmake" "cmTryCompileExec212421201/fast"
/usr/bin/gmake -f CMakeFiles/cmTryCompileExec212421201.dir/build.make CMakeFiles/cmTryCompileExec212421201.dir/build
gmake[1]: Entering directory `/mnt/pan/Data7/jxm877/ShapeFeatures3D_HPC/build/CMakeFiles/CMakeTmp'
/usr/local/cmake/3.2.2/bin/cmake -E cmake_progress_report /mnt/Data7/jxm877/ShapeFeatures3D_HPC/build/CMakeFiles/CMakeTmp/CMakeFiles 1
Building C object CMakeFiles/cmTryCompileExec212421201.dir/feature_tests.c.o
/usr/bin/gcc   -std=c89 -o CMakeFiles/cmTryCompileExec212421201.dir/feature_tests.c.o   -c /mnt/Data7/jxm877/ShapeFeatures3D_HPC/build/CMakeFiles/feature_tests.c
Linking C executable cmTryCompileExec212421201
/usr/local/cmake/3.2.2/bin/cmake -E cmake_link_script CMakeFiles/cmTryCompileExec212421201.dir/link.txt --verbose=1
/usr/bin/gcc       CMakeFiles/cmTryCompileExec212421201.dir/feature_tests.c.o  -o cmTryCompileExec212421201 -rdynamic 
gmake[1]: Leaving directory `/mnt/pan/Data7/jxm877/ShapeFeatures3D_HPC/build/CMakeFiles/CMakeTmp'


    Feature record: C_FEATURE:1c_function_prototypes
    Feature record: C_FEATURE:0c_restrict
    Feature record: C_FEATURE:0c_static_assert
    Feature record: C_FEATURE:0c_variadic_macros
Determining if the CXX compiler works passed with the following output:
Change Dir: /mnt/Data7/jxm877/ShapeFeatures3D_HPC/build/CMakeFiles/CMakeTmp

Run Build Command:"/usr/bin/gmake" "cmTryCompileExec2743728824/fast"
/usr/bin/gmake -f CMakeFiles/cmTryCompileExec2743728824.dir/build.make CMakeFiles/cmTryCompileExec2743728824.dir/build
gmake[1]: Entering directory `/mnt/pan/Data7/jxm877/ShapeFeatures3D_HPC/build/CMakeFiles/CMakeTmp'
/usr/local/cmake/3.2.2/bin/cmake -E cmake_progress_report /mnt/Data7/jxm877/ShapeFeatures3D_HPC/build/CMakeFiles/CMakeTmp/CMakeFiles 1
Building CXX object CMakeFiles/cmTryCompileExec2743728824.dir/testCXXCompiler.cxx.o
/usr/bin/g++     -o CMakeFiles/cmTryCompileExec2743728824.dir/testCXXCompiler.cxx.o -c /mnt/Data7/jxm877/ShapeFeatures3D_HPC/build/CMakeFiles/CMakeTmp/testCXXCompiler.cxx
Linking CXX executable cmTryCompileExec2743728824
/usr/local/cmake/3.2.2/bin/cmake -E cmake_link_script CMakeFiles/cmTryCompileExec2743728824.dir/link.txt --verbose=1
/usr/bin/g++        CMakeFiles/cmTryCompileExec2743728824.dir/testCXXCompiler.cxx.o  -o cmTryCompileExec2743728824 -rdynamic 
gmake[1]: Leaving directory `/mnt/pan/Data7/jxm877/ShapeFeatures3D_HPC/build/CMakeFiles/CMakeTmp'


Detecting CXX compiler ABI info compiled with the following output:
Change Dir: /mnt/Data7/jxm877/ShapeFeatures3D_HPC/build/CMakeFiles/CMakeTmp

Run Build Command:"/usr/bin/gmake" "cmTryCompileExec2614167824/fast"
/usr/bin/gmake -f CMakeFiles/cmTryCompileExec2614167824.dir/build.make CMakeFiles/cmTryCompileExec2614167824.dir/build
gmake[1]: Entering directory `/mnt/pan/Data7/jxm877/ShapeFeatures3D_HPC/build/CMakeFiles/CMakeTmp'
/usr/local/cmake/3.2.2/bin/cmake -E cmake_progress_report /mnt/Data7/jxm877/ShapeFeatures3D_HPC/build/CMakeFiles/CMakeTmp/CMakeFiles 1
Building CXX object CMakeFiles/cmTryCompileExec2614167824.dir/CMakeCXXCompilerABI.cpp.o
/usr/bin/g++     -o CMakeFiles/cmTryCompileExec2614167824.dir/CMakeCXXCompilerABI.cpp.o -c /usr/local/cmake/3.2.2/share/cmake-3.2/Modules/CMakeCXXCompilerABI.cpp
Linking CXX executable cmTryCompileExec2614167824
/usr/local/cmake/3.2.2/bin/cmake -E cmake_link_script CMakeFiles/cmTryCompileExec2614167824.dir/link.txt --verbose=1
/usr/bin/g++       -v CMakeFiles/cmTryCompileExec2614167824.dir/CMakeCXXCompilerABI.cpp.o  -o cmTryCompileExec2614167824 -rdynamic  
Using built-in specs.
Target: x86_64-redhat-linux
Configured with: ../configure --prefix=/usr --mandir=/usr/share/man --infodir=/usr/share/info --with-bugurl=http://bugzilla.redhat.com/bugzilla --enable-bootstrap --enable-shared --enable-threads=posix --enable-checking=release --with-system-zlib --enable-__cxa_atexit --disable-libunwind-exceptions --enable-gnu-unique-object --enable-languages=c,c++,objc,obj-c++,java,fortran,ada --enable-java-awt=gtk --disable-dssi --with-java-home=/usr/lib/jvm/java-1.5.0-gcj-1.5.0.0/jre --enable-libgcj-multifile --enable-java-maintainer-mode --with-ecj-jar=/usr/share/java/eclipse-ecj.jar --disable-libjava-multilib --with-ppl --with-cloog --with-tune=generic --with-arch_32=i686 --build=x86_64-redhat-linux
Thread model: posix
gcc version 4.4.7 20120313 (Red Hat 4.4.7-17) (GCC) 
COMPILER_PATH=/usr/libexec/gcc/x86_64-redhat-linux/4.4.7/:/usr/libexec/gcc/x86_64-redhat-linux/4.4.7/:/usr/libexec/gcc/x86_64-redhat-linux/:/usr/lib/gcc/x86_64-redhat-linux/4.4.7/:/usr/lib/gcc/x86_64-redhat-linux/:/usr/libexec/gcc/x86_64-redhat-linux/4.4.7/:/usr/libexec/gcc/x86_64-redhat-linux/:/usr/lib/gcc/x86_64-redhat-linux/4.4.7/:/usr/lib/gcc/x86_64-redhat-linux/
LIBRARY_PATH=/usr/local/gcc/4.9.3/lib64/../lib64/:/usr/lib/gcc/x86_64-redhat-linux/4.4.7/:/usr/lib/gcc/x86_64-redhat-linux/4.4.7/:/usr/lib/gcc/x86_64-redhat-linux/4.4.7/../../../../lib64/:/lib/../lib64/:/usr/lib/../lib64/:/usr/local/gcc/4.9.3/lib64/:/usr/local/openmpi/1.8.8/lib/:/usr/local/intel/2015/composer_xe_2015.3.187/compiler/lib/intel64/:/usr/lib/gcc/x86_64-redhat-linux/4.4.7/../../../:/lib/:/usr/lib/
COLLECT_GCC_OPTIONS='-v' '-o' 'cmTryCompileExec2614167824' '-rdynamic' '-shared-libgcc' '-mtune=generic'
 /usr/libexec/gcc/x86_64-redhat-linux/4.4.7/collect2 --eh-frame-hdr --build-id -m elf_x86_64 --hash-style=gnu -export-dynamic -dynamic-linker /lib64/ld-linux-x86-64.so.2 -o cmTryCompileExec2614167824 /usr/lib/gcc/x86_64-redhat-linux/4.4.7/../../../../lib64/crt1.o /usr/lib/gcc/x86_64-redhat-linux/4.4.7/../../../../lib64/crti.o /usr/lib/gcc/x86_64-redhat-linux/4.4.7/crtbegin.o -L/usr/local/gcc/4.9.3/lib64/../lib64 -L/usr/lib/gcc/x86_64-redhat-linux/4.4.7 -L/usr/lib/gcc/x86_64-redhat-linux/4.4.7 -L/usr/lib/gcc/x86_64-redhat-linux/4.4.7/../../../../lib64 -L/lib/../lib64 -L/usr/lib/../lib64 -L/usr/local/gcc/4.9.3/lib64 -L/usr/local/openmpi/1.8.8/lib -L/usr/local/intel/2015/composer_xe_2015.3.187/compiler/lib/intel64 -L/usr/lib/gcc/x86_64-redhat-linux/4.4.7/../../.. CMakeFiles/cmTryCompileExec2614167824.dir/CMakeCXXCompilerABI.cpp.o -lstdc++ -lm -lgcc_s -lgcc -lc -lgcc_s -lgcc /usr/lib/gcc/x86_64-redhat-linux/4.4.7/crtend.o /usr/lib/gcc/x86_64-redhat-linux/4.4.7/../../../../lib64/crtn.o
gmake[1]: Leaving directory `/mnt/pan/Data7/jxm877/ShapeFeatures3D_HPC/build/CMakeFiles/CMakeTmp'


Parsed CXX implicit link information from above output:
  link line regex: [^( *|.*[/\])(ld|([^/\]+-)?ld|collect2)[^/\]*( |$)]
  ignore line: [Change Dir: /mnt/Data7/jxm877/ShapeFeatures3D_HPC/build/CMakeFiles/CMakeTmp]
  ignore line: []
  ignore line: [Run Build Command:"/usr/bin/gmake" "cmTryCompileExec2614167824/fast"]
  ignore line: [/usr/bin/gmake -f CMakeFiles/cmTryCompileExec2614167824.dir/build.make CMakeFiles/cmTryCompileExec2614167824.dir/build]
  ignore line: [gmake[1]: Entering directory `/mnt/pan/Data7/jxm877/ShapeFeatures3D_HPC/build/CMakeFiles/CMakeTmp']
  ignore line: [/usr/local/cmake/3.2.2/bin/cmake -E cmake_progress_report /mnt/Data7/jxm877/ShapeFeatures3D_HPC/build/CMakeFiles/CMakeTmp/CMakeFiles 1]
  ignore line: [Building CXX object CMakeFiles/cmTryCompileExec2614167824.dir/CMakeCXXCompilerABI.cpp.o]
  ignore line: [/usr/bin/g++     -o CMakeFiles/cmTryCompileExec2614167824.dir/CMakeCXXCompilerABI.cpp.o -c /usr/local/cmake/3.2.2/share/cmake-3.2/Modules/CMakeCXXCompilerABI.cpp]
  ignore line: [Linking CXX executable cmTryCompileExec2614167824]
  ignore line: [/usr/local/cmake/3.2.2/bin/cmake -E cmake_link_script CMakeFiles/cmTryCompileExec2614167824.dir/link.txt --verbose=1]
  ignore line: [/usr/bin/g++       -v CMakeFiles/cmTryCompileExec2614167824.dir/CMakeCXXCompilerABI.cpp.o  -o cmTryCompileExec2614167824 -rdynamic  ]
  ignore line: [Using built-in specs.]
  ignore line: [Target: x86_64-redhat-linux]
  ignore line: [Configured with: ../configure --prefix=/usr --mandir=/usr/share/man --infodir=/usr/share/info --with-bugurl=http://bugzilla.redhat.com/bugzilla --enable-bootstrap --enable-shared --enable-threads=posix --enable-checking=release --with-system-zlib --enable-__cxa_atexit --disable-libunwind-exceptions --enable-gnu-unique-object --enable-languages=c,c++,objc,obj-c++,java,fortran,ada --enable-java-awt=gtk --disable-dssi --with-java-home=/usr/lib/jvm/java-1.5.0-gcj-1.5.0.0/jre --enable-libgcj-multifile --enable-java-maintainer-mode --with-ecj-jar=/usr/share/java/eclipse-ecj.jar --disable-libjava-multilib --with-ppl --with-cloog --with-tune=generic --with-arch_32=i686 --build=x86_64-redhat-linux]
  ignore line: [Thread model: posix]
  ignore line: [gcc version 4.4.7 20120313 (Red Hat 4.4.7-17) (GCC) ]
  ignore line: [COMPILER_PATH=/usr/libexec/gcc/x86_64-redhat-linux/4.4.7/:/usr/libexec/gcc/x86_64-redhat-linux/4.4.7/:/usr/libexec/gcc/x86_64-redhat-linux/:/usr/lib/gcc/x86_64-redhat-linux/4.4.7/:/usr/lib/gcc/x86_64-redhat-linux/:/usr/libexec/gcc/x86_64-redhat-linux/4.4.7/:/usr/libexec/gcc/x86_64-redhat-linux/:/usr/lib/gcc/x86_64-redhat-linux/4.4.7/:/usr/lib/gcc/x86_64-redhat-linux/]
  ignore line: [LIBRARY_PATH=/usr/local/gcc/4.9.3/lib64/../lib64/:/usr/lib/gcc/x86_64-redhat-linux/4.4.7/:/usr/lib/gcc/x86_64-redhat-linux/4.4.7/:/usr/lib/gcc/x86_64-redhat-linux/4.4.7/../../../../lib64/:/lib/../lib64/:/usr/lib/../lib64/:/usr/local/gcc/4.9.3/lib64/:/usr/local/openmpi/1.8.8/lib/:/usr/local/intel/2015/composer_xe_2015.3.187/compiler/lib/intel64/:/usr/lib/gcc/x86_64-redhat-linux/4.4.7/../../../:/lib/:/usr/lib/]
  ignore line: [COLLECT_GCC_OPTIONS='-v' '-o' 'cmTryCompileExec2614167824' '-rdynamic' '-shared-libgcc' '-mtune=generic']
  link line: [ /usr/libexec/gcc/x86_64-redhat-linux/4.4.7/collect2 --eh-frame-hdr --build-id -m elf_x86_64 --hash-style=gnu -export-dynamic -dynamic-linker /lib64/ld-linux-x86-64.so.2 -o cmTryCompileExec2614167824 /usr/lib/gcc/x86_64-redhat-linux/4.4.7/../../../../lib64/crt1.o /usr/lib/gcc/x86_64-redhat-linux/4.4.7/../../../../lib64/crti.o /usr/lib/gcc/x86_64-redhat-linux/4.4.7/crtbegin.o -L/usr/local/gcc/4.9.3/lib64/../lib64 -L/usr/lib/gcc/x86_64-redhat-linux/4.4.7 -L/usr/lib/gcc/x86_64-redhat-linux/4.4.7 -L/usr/lib/gcc/x86_64-redhat-linux/4.4.7/../../../../lib64 -L/lib/../lib64 -L/usr/lib/../lib64 -L/usr/local/gcc/4.9.3/lib64 -L/usr/local/openmpi/1.8.8/lib -L/usr/local/intel/2015/composer_xe_2015.3.187/compiler/lib/intel64 -L/usr/lib/gcc/x86_64-redhat-linux/4.4.7/../../.. CMakeFiles/cmTryCompileExec2614167824.dir/CMakeCXXCompilerABI.cpp.o -lstdc++ -lm -lgcc_s -lgcc -lc -lgcc_s -lgcc /usr/lib/gcc/x86_64-redhat-linux/4.4.7/crtend.o /usr/lib/gcc/x86_64-redhat-linux/4.4.7/../../../../lib64/crtn.o]
    arg [/usr/libexec/gcc/x86_64-redhat-linux/4.4.7/collect2] ==> ignore
    arg [--eh-frame-hdr] ==> ignore
    arg [--build-id] ==> ignore
    arg [-m] ==> ignore
    arg [elf_x86_64] ==> ignore
    arg [--hash-style=gnu] ==> ignore
    arg [-export-dynamic] ==> ignore
    arg [-dynamic-linker] ==> ignore
    arg [/lib64/ld-linux-x86-64.so.2] ==> ignore
    arg [-o] ==> ignore
    arg [cmTryCompileExec2614167824] ==> ignore
    arg [/usr/lib/gcc/x86_64-redhat-linux/4.4.7/../../../../lib64/crt1.o] ==> ignore
    arg [/usr/lib/gcc/x86_64-redhat-linux/4.4.7/../../../../lib64/crti.o] ==> ignore
    arg [/usr/lib/gcc/x86_64-redhat-linux/4.4.7/crtbegin.o] ==> ignore
    arg [-L/usr/local/gcc/4.9.3/lib64/../lib64] ==> dir [/usr/local/gcc/4.9.3/lib64/../lib64]
    arg [-L/usr/lib/gcc/x86_64-redhat-linux/4.4.7] ==> dir [/usr/lib/gcc/x86_64-redhat-linux/4.4.7]
    arg [-L/usr/lib/gcc/x86_64-redhat-linux/4.4.7] ==> dir [/usr/lib/gcc/x86_64-redhat-linux/4.4.7]
    arg [-L/usr/lib/gcc/x86_64-redhat-linux/4.4.7/../../../../lib64] ==> dir [/usr/lib/gcc/x86_64-redhat-linux/4.4.7/../../../../lib64]
    arg [-L/lib/../lib64] ==> dir [/lib/../lib64]
    arg [-L/usr/lib/../lib64] ==> dir [/usr/lib/../lib64]
    arg [-L/usr/local/gcc/4.9.3/lib64] ==> dir [/usr/local/gcc/4.9.3/lib64]
    arg [-L/usr/local/openmpi/1.8.8/lib] ==> dir [/usr/local/openmpi/1.8.8/lib]
    arg [-L/usr/local/intel/2015/composer_xe_2015.3.187/compiler/lib/intel64] ==> dir [/usr/local/intel/2015/composer_xe_2015.3.187/compiler/lib/intel64]
    arg [-L/usr/lib/gcc/x86_64-redhat-linux/4.4.7/../../..] ==> dir [/usr/lib/gcc/x86_64-redhat-linux/4.4.7/../../..]
    arg [CMakeFiles/cmTryCompileExec2614167824.dir/CMakeCXXCompilerABI.cpp.o] ==> ignore
    arg [-lstdc++] ==> lib [stdc++]
    arg [-lm] ==> lib [m]
    arg [-lgcc_s] ==> lib [gcc_s]
    arg [-lgcc] ==> lib [gcc]
    arg [-lc] ==> lib [c]
    arg [-lgcc_s] ==> lib [gcc_s]
    arg [-lgcc] ==> lib [gcc]
    arg [/usr/lib/gcc/x86_64-redhat-linux/4.4.7/crtend.o] ==> ignore
    arg [/usr/lib/gcc/x86_64-redhat-linux/4.4.7/../../../../lib64/crtn.o] ==> ignore
  remove lib [gcc_s]
  remove lib [gcc]
  remove lib [gcc_s]
  remove lib [gcc]
  collapse library dir [/usr/local/gcc/4.9.3/lib64/../lib64] ==> [/usr/local/gcc/4.9.3/lib64]
  collapse library dir [/usr/lib/gcc/x86_64-redhat-linux/4.4.7] ==> [/usr/lib/gcc/x86_64-redhat-linux/4.4.7]
  collapse library dir [/usr/lib/gcc/x86_64-redhat-linux/4.4.7] ==> [/usr/lib/gcc/x86_64-redhat-linux/4.4.7]
  collapse library dir [/usr/lib/gcc/x86_64-redhat-linux/4.4.7/../../../../lib64] ==> [/usr/lib64]
  collapse library dir [/lib/../lib64] ==> [/lib64]
  collapse library dir [/usr/lib/../lib64] ==> [/usr/lib64]
  collapse library dir [/usr/local/gcc/4.9.3/lib64] ==> [/usr/local/gcc/4.9.3/lib64]
  collapse library dir [/usr/local/openmpi/1.8.8/lib] ==> [/usr/local/openmpi/1.8.8/lib]
  collapse library dir [/usr/local/intel/2015/composer_xe_2015.3.187/compiler/lib/intel64] ==> [/usr/local/intel/2015/composer_xe_2015.3.187/compiler/lib/intel64]
  collapse library dir [/usr/lib/gcc/x86_64-redhat-linux/4.4.7/../../..] ==> [/usr/lib]
  implicit libs: [stdc++;m;c]
  implicit dirs: [/usr/local/gcc/4.9.3/lib64;/usr/lib/gcc/x86_64-redhat-linux/4.4.7;/usr/lib64;/lib64;/usr/local/openmpi/1.8.8/lib;/usr/local/intel/2015/composer_xe_2015.3.187/compiler/lib/intel64;/usr/lib]
  implicit fwks: []




Detecting CXX [-std=c++0x] compiler features compiled with the following output:
Change Dir: /mnt/Data7/jxm877/ShapeFeatures3D_HPC/build/CMakeFiles/CMakeTmp

Run Build Command:"/usr/bin/gmake" "cmTryCompileExec1211435872/fast"
/usr/bin/gmake -f CMakeFiles/cmTryCompileExec1211435872.dir/build.make CMakeFiles/cmTryCompileExec1211435872.dir/build
gmake[1]: Entering directory `/mnt/pan/Data7/jxm877/ShapeFeatures3D_HPC/build/CMakeFiles/CMakeTmp'
/usr/local/cmake/3.2.2/bin/cmake -E cmake_progress_report /mnt/Data7/jxm877/ShapeFeatures3D_HPC/build/CMakeFiles/CMakeTmp/CMakeFiles 1
Building CXX object CMakeFiles/cmTryCompileExec1211435872.dir/feature_tests.cxx.o
/usr/bin/g++    -std=c++0x -o CMakeFiles/cmTryCompileExec1211435872.dir/feature_tests.cxx.o -c /mnt/Data7/jxm877/ShapeFeatures3D_HPC/build/CMakeFiles/feature_tests.cxx
Linking CXX executable cmTryCompileExec1211435872
/usr/local/cmake/3.2.2/bin/cmake -E cmake_link_script CMakeFiles/cmTryCompileExec1211435872.dir/link.txt --verbose=1
/usr/bin/g++        CMakeFiles/cmTryCompileExec1211435872.dir/feature_tests.cxx.o  -o cmTryCompileExec1211435872 -rdynamic 
gmake[1]: Leaving directory `/mnt/pan/Data7/jxm877/ShapeFeatures3D_HPC/build/CMakeFiles/CMakeTmp'


    Feature record: CXX_FEATURE:0cxx_aggregate_default_initializers
    Feature record: CXX_FEATURE:0cxx_alias_templates
    Feature record: CXX_FEATURE:0cxx_alignas
    Feature record: CXX_FEATURE:0cxx_alignof
    Feature record: CXX_FEATURE:0cxx_attributes
    Feature record: CXX_FEATURE:0cxx_attribute_deprecated
    Feature record: CXX_FEATURE:1cxx_auto_type
    Feature record: CXX_FEATURE:0cxx_binary_literals
    Feature record: CXX_FEATURE:0cxx_constexpr
    Feature record: CXX_FEATURE:0cxx_contextual_conversions
    Feature record: CXX_FEATURE:1cxx_decltype
    Feature record: CXX_FEATURE:0cxx_decltype_auto
    Feature record: CXX_FEATURE:0cxx_decltype_incomplete_return_types
    Feature record: CXX_FEATURE:1cxx_default_function_template_args
    Feature record: CXX_FEATURE:1cxx_defaulted_functions
    Feature record: CXX_FEATURE:0cxx_defaulted_move_initializers
    Feature record: CXX_FEATURE:0cxx_delegating_constructors
    Feature record: CXX_FEATURE:1cxx_deleted_functions
    Feature record: CXX_FEATURE:0cxx_digit_separators
    Feature record: CXX_FEATURE:0cxx_enum_forward_declarations
    Feature record: CXX_FEATURE:0cxx_explicit_conversions
    Feature record: CXX_FEATURE:0cxx_extended_friend_declarations
    Feature record: CXX_FEATURE:1cxx_extern_templates
    Feature record: CXX_FEATURE:0cxx_final
    Feature record: CXX_FEATURE:1cxx_func_identifier
    Feature record: CXX_FEATURE:1cxx_generalized_initializers
    Feature record: CXX_FEATURE:0cxx_generic_lambdas
    Feature record: CXX_FEATURE:0cxx_inheriting_constructors
    Feature record: CXX_FEATURE:1cxx_inline_namespaces
    Feature record: CXX_FEATURE:0cxx_lambdas
    Feature record: CXX_FEATURE:0cxx_lambda_init_captures
    Feature record: CXX_FEATURE:0cxx_local_type_template_args
    Feature record: CXX_FEATURE:1cxx_long_long_type
    Feature record: CXX_FEATURE:0cxx_noexcept
    Feature record: CXX_FEATURE:0cxx_nonstatic_member_init
    Feature record: CXX_FEATURE:0cxx_nullptr
    Feature record: CXX_FEATURE:0cxx_override
    Feature record: CXX_FEATURE:0cxx_range_for
    Feature record: CXX_FEATURE:0cxx_raw_string_literals
    Feature record: CXX_FEATURE:0cxx_reference_qualified_functions
    Feature record: CXX_FEATURE:0cxx_relaxed_constexpr
    Feature record: CXX_FEATURE:0cxx_return_type_deduction
    Feature record: CXX_FEATURE:1cxx_right_angle_brackets
    Feature record: CXX_FEATURE:1cxx_rvalue_references
    Feature record: CXX_FEATURE:1cxx_sizeof_member
    Feature record: CXX_FEATURE:1cxx_static_assert
    Feature record: CXX_FEATURE:1cxx_strong_enums
    Feature record: CXX_FEATURE:1cxx_template_template_parameters
    Feature record: CXX_FEATURE:0cxx_thread_local
    Feature record: CXX_FEATURE:1cxx_trailing_return_types
    Feature record: CXX_FEATURE:1cxx_unicode_literals
    Feature record: CXX_FEATURE:1cxx_uniform_initialization
    Feature record: CXX_FEATURE:0cxx_unrestricted_unions
    Feature record: CXX_FEATURE:0cxx_user_literals
    Feature record: CXX_FEATURE:0cxx_variable_templates
    Feature record: CXX_FEATURE:1cxx_variadic_macros
    Feature record: CXX_FEATURE:1cxx_variadic_templates


Detecting CXX [-std=c++98] compiler features compiled with the following output:
Change Dir: /mnt/Data7/jxm877/ShapeFeatures3D_HPC/build/CMakeFiles/CMakeTmp

Run Build Command:"/usr/bin/gmake" "cmTryCompileExec2816186734/fast"
/usr/bin/gmake -f CMakeFiles/cmTryCompileExec2816186734.dir/build.make CMakeFiles/cmTryCompileExec2816186734.dir/build
gmake[1]: Entering directory `/mnt/pan/Data7/jxm877/ShapeFeatures3D_HPC/build/CMakeFiles/CMakeTmp'
/usr/local/cmake/3.2.2/bin/cmake -E cmake_progress_report /mnt/Data7/jxm877/ShapeFeatures3D_HPC/build/CMakeFiles/CMakeTmp/CMakeFiles 1
Building CXX object CMakeFiles/cmTryCompileExec2816186734.dir/feature_tests.cxx.o
/usr/bin/g++    -std=c++98 -o CMakeFiles/cmTryCompileExec2816186734.dir/feature_tests.cxx.o -c /mnt/Data7/jxm877/ShapeFeatures3D_HPC/build/CMakeFiles/feature_tests.cxx
Linking CXX executable cmTryCompileExec2816186734
/usr/local/cmake/3.2.2/bin/cmake -E cmake_link_script CMakeFiles/cmTryCompileExec2816186734.dir/link.txt --verbose=1
/usr/bin/g++        CMakeFiles/cmTryCompileExec2816186734.dir/feature_tests.cxx.o  -o cmTryCompileExec2816186734 -rdynamic 
gmake[1]: Leaving directory `/mnt/pan/Data7/jxm877/ShapeFeatures3D_HPC/build/CMakeFiles/CMakeTmp'


    Feature record: CXX_FEATURE:0cxx_aggregate_default_initializers
    Feature record: CXX_FEATURE:0cxx_alias_templates
    Feature record: CXX_FEATURE:0cxx_alignas
    Feature record: CXX_FEATURE:0cxx_alignof
    Feature record: CXX_FEATURE:0cxx_attributes
    Feature record: CXX_FEATURE:0cxx_attribute_deprecated
    Feature record: CXX_FEATURE:0cxx_auto_type
    Feature record: CXX_FEATURE:0cxx_binary_literals
    Feature record: CXX_FEATURE:0cxx_constexpr
    Feature record: CXX_FEATURE:0cxx_contextual_conversions
    Feature record: CXX_FEATURE:0cxx_decltype
    Feature record: CXX_FEATURE:0cxx_decltype_auto
    Feature record: CXX_FEATURE:0cxx_decltype_incomplete_return_types
    Feature record: CXX_FEATURE:0cxx_default_function_template_args
    Feature record: CXX_FEATURE:0cxx_defaulted_functions
    Feature record: CXX_FEATURE:0cxx_defaulted_move_initializers
    Feature record: CXX_FEATURE:0cxx_delegating_constructors
    Feature record: CXX_FEATURE:0cxx_deleted_functions
    Feature record: CXX_FEATURE:0cxx_digit_separators
    Feature record: CXX_FEATURE:0cxx_enum_forward_declarations
    Feature record: CXX_FEATURE:0cxx_explicit_conversions
    Feature record: CXX_FEATURE:0cxx_extended_friend_declarations
    Feature record: CXX_FEATURE:0cxx_extern_templates
    Feature record: CXX_FEATURE:0cxx_final
    Feature record: CXX_FEATURE:0cxx_func_identifier
    Feature record: CXX_FEATURE:0cxx_generalized_initializers
    Feature record: CXX_FEATURE:0cxx_generic_lambdas
    Feature record: CXX_FEATURE:0cxx_inheriting_constructors
    Feature record: CXX_FEATURE:0cxx_inline_namespaces
    Feature record: CXX_FEATURE:0cxx_lambdas
    Feature record: CXX_FEATURE:0cxx_lambda_init_captures
    Feature record: CXX_FEATURE:0cxx_local_type_template_args
    Feature record: CXX_FEATURE:0cxx_long_long_type
    Feature record: CXX_FEATURE:0cxx_noexcept
    Feature record: CXX_FEATURE:0cxx_nonstatic_member_init
    Feature record: CXX_FEATURE:0cxx_nullptr
    Feature record: CXX_FEATURE:0cxx_override
    Feature record: CXX_FEATURE:0cxx_range_for
    Feature record: CXX_FEATURE:0cxx_raw_string_literals
    Feature record: CXX_FEATURE:0cxx_reference_qualified_functions
    Feature record: CXX_FEATURE:0cxx_relaxed_constexpr
    Feature record: CXX_FEATURE:0cxx_return_type_deduction
    Feature record: CXX_FEATURE:0cxx_right_angle_brackets
    Feature record: CXX_FEATURE:0cxx_rvalue_references
    Feature record: CXX_FEATURE:0cxx_sizeof_member
    Feature record: CXX_FEATURE:0cxx_static_assert
    Feature record: CXX_FEATURE:0cxx_strong_enums
    Feature record: CXX_FEATURE:1cxx_template_template_parameters
    Feature record: CXX_FEATURE:0cxx_thread_local
    Feature record: CXX_FEATURE:0cxx_trailing_return_types
    Feature record: CXX_FEATURE:0cxx_unicode_literals
    Feature record: CXX_FEATURE:0cxx_uniform_initialization
    Feature record: CXX_FEATURE:0cxx_unrestricted_unions
    Feature record: CXX_FEATURE:0cxx_user_literals
    Feature record: CXX_FEATURE:0cxx_variable_templates
    Feature record: CXX_FEATURE:0cxx_variadic_macros
    Feature record: CXX_FEATURE:0cxx_variadic_templates
